<?xml version="1.0" encoding="UTF-8"?>
<!-- Generated by org.testng.reporters.JUnitReportReporter -->
<testsuite hostname="DESKTOP-N749LR5" failures="0" tests="3" name="RESTAssuredDemo.demo1.DynamicJson" time="3.667" errors="0" timestamp="2024-06-14T10:15:03 EDT" skipped="0">
  <testcase classname="RESTAssuredDemo.demo1.DynamicJson" name="addBook" time="2.381"/>
  <testcase classname="RESTAssuredDemo.demo1.DynamicJson" name="addBook" time="0.643"/>
  <testcase classname="RESTAssuredDemo.demo1.DynamicJson" name="addBook" time="0.643"/>
</testsuite> <!-- RESTAssuredDemo.demo1.DynamicJson -->
